Build started 1.03.2016 08:56:56.
     1>Project "D:\Users\Cenk\Documents\Visual Studio 2013\Projects\ConsoleApplication3\ConsoleApplication3\ConsoleApplication3.vcxproj" on node 2 (Build target(s)).
     1>ClCompile:
         C:\Program Files (x86)\Microsoft Visual Studio 12.0\VC\bin\CL.exe /c /ZI /nologo /W3 /WX- /sdl /Od /Oy- /D "WIN32" /D _DEBUG /D _CONSOLE /D "_LIB" /D "_UNICODE" /D "UNICODE" /Gm /EHsc /RTC1 /MDd /GS /fp:precise /Zc:wchar_t /Zc:forScope /Yu"stdafx.h" /Fp"Debug\ConsoleApplication3.pch" /Fo"Debug\\" /Fd"Debug\vc120.pdb" /Gd /TP /analyze- /errorReport:prompt ConsoleApplication3.cpp Source.cpp
         Source.cpp
     1>d:\users\cenk\documents\visual studio 2013\projects\consoleapplication3\consoleapplication3\source.cpp(1): warning C4627: '#include <GL\glut.h>': skipped when looking for precompiled header use
                 Add directive to 'stdafx.h' or rebuild precompiled header
     1>d:\users\cenk\documents\visual studio 2013\projects\consoleapplication3\consoleapplication3\source.cpp(2): warning C4627: '#include <math.h>': skipped when looking for precompiled header use
                 Add directive to 'stdafx.h' or rebuild precompiled header
     1>d:\users\cenk\documents\visual studio 2013\projects\consoleapplication3\consoleapplication3\source.cpp(39): fatal error C1010: unexpected end of file while looking for precompiled header. Did you forget to add '#include "stdafx.h"' to your source?
         ConsoleApplication3.cpp
     1>d:\users\cenk\documents\visual studio 2013\projects\consoleapplication3\consoleapplication3\consoleapplication3.cpp(1): warning C4627: '#include <GL\glut.h>': skipped when looking for precompiled header use
                 Add directive to 'stdafx.h' or rebuild precompiled header
     1>d:\users\cenk\documents\visual studio 2013\projects\consoleapplication3\consoleapplication3\consoleapplication3.cpp(2): warning C4627: '#include <math.h>': skipped when looking for precompiled header use
                 Add directive to 'stdafx.h' or rebuild precompiled header
     1>d:\users\cenk\documents\visual studio 2013\projects\consoleapplication3\consoleapplication3\consoleapplication3.cpp(41): fatal error C1010: unexpected end of file while looking for precompiled header. Did you forget to add '#include "stdafx.h"' to your source?
         Generating Code...
     1>Done Building Project "D:\Users\Cenk\Documents\Visual Studio 2013\Projects\ConsoleApplication3\ConsoleApplication3\ConsoleApplication3.vcxproj" (Build target(s)) -- FAILED.

Build FAILED.

Time Elapsed 00:00:00.09
